2023-03-13 13:32:10,449 DEBUG    root            Loaded Command Group: ['gcloud', 'components']
2023-03-13 13:32:10,453 DEBUG    root            Loaded Command Group: ['gcloud', 'components', 'update']
2023-03-13 13:32:10,455 DEBUG    root            Running [gcloud.components.update] with arguments: [--allow-no-backup: "True", --quiet: "True", COMPONENT-IDS:7: "['core', 'gcloud-deps', 'bq', 'gcloud', 'gcloud-crc32c', 'gsutil', 'anthoscli']"]
2023-03-13 13:32:10,456 INFO     ___FILE_ONLY___ Beginning update. This process may take several minutes.

2023-03-13 13:32:22,484 DEBUG    urllib3.connectionpool Starting new HTTPS connection (1): dl.google.com:443
2023-03-13 13:32:22,504 DEBUG    urllib3.connectionpool https://dl.google.com:443 "GET /dl/cloudsdk/channels/rapid/components-2.json HTTP/1.1" 200 206156
2023-03-13 13:32:22,517 INFO     ___FILE_ONLY___ 

2023-03-13 13:32:22,518 INFO     ___FILE_ONLY___ 
Your current Google Cloud CLI version is: 421.0.0

2023-03-13 13:32:22,518 INFO     ___FILE_ONLY___ Installing components from version: 421.0.0

2023-03-13 13:32:22,518 INFO     ___FILE_ONLY___ 

2023-03-13 13:32:22,518 DEBUG    root            Chosen display Format:table[box,title="These components will be removed."](details.display_name:label=Name:align=left,version.version_string:label=Version:align=right,data.size.size(zero="",min=1048576):label=Size:align=right)
2023-03-13 13:32:22,519 DEBUG    root            Chosen display Format:table[box,title="These components will be updated."](details.display_name:label=Name:align=left,version.version_string:label=Version:align=right,data.size.size(zero="",min=1048576):label=Size:align=right)
2023-03-13 13:32:22,520 DEBUG    root            Chosen display Format:table[box,title="These components will be installed."](details.display_name:label=Name:align=left,version.version_string:label=Version:align=right,data.size.size(zero="",min=1048576):label=Size:align=right)
2023-03-13 13:32:22,526 INFO     ___FILE_ONLY___ ┌─────────────────────────────────────────────────────────────────────────────┐
2023-03-13 13:32:22,526 INFO     ___FILE_ONLY___ 

2023-03-13 13:32:22,526 INFO     ___FILE_ONLY___ │                     These components will be installed.                     │
2023-03-13 13:32:22,526 INFO     ___FILE_ONLY___ 

2023-03-13 13:32:22,526 INFO     ___FILE_ONLY___ ├─────────────────────────────────────────────────────┬────────────┬──────────┤
2023-03-13 13:32:22,526 INFO     ___FILE_ONLY___ 

2023-03-13 13:32:22,526 INFO     ___FILE_ONLY___ │                         Name                        │  Version   │   Size   │
2023-03-13 13:32:22,527 INFO     ___FILE_ONLY___ 

2023-03-13 13:32:22,527 INFO     ___FILE_ONLY___ ├─────────────────────────────────────────────────────┼────────────┼──────────┤
2023-03-13 13:32:22,527 INFO     ___FILE_ONLY___ 

2023-03-13 13:32:22,527 INFO     ___FILE_ONLY___ │ 
2023-03-13 13:32:22,527 INFO     ___FILE_ONLY___ BigQuery Command Line Tool                         
2023-03-13 13:32:22,527 INFO     ___FILE_ONLY___  
2023-03-13 13:32:22,527 INFO     ___FILE_ONLY___ │ 
2023-03-13 13:32:22,528 INFO     ___FILE_ONLY___     2.0.87
2023-03-13 13:32:22,528 INFO     ___FILE_ONLY___  
2023-03-13 13:32:22,528 INFO     ___FILE_ONLY___ │ 
2023-03-13 13:32:22,528 INFO     ___FILE_ONLY___  1.6 MiB
2023-03-13 13:32:22,528 INFO     ___FILE_ONLY___  
2023-03-13 13:32:22,528 INFO     ___FILE_ONLY___ │
2023-03-13 13:32:22,528 INFO     ___FILE_ONLY___ 

2023-03-13 13:32:22,528 INFO     ___FILE_ONLY___ │ 
2023-03-13 13:32:22,529 INFO     ___FILE_ONLY___ BigQuery Command Line Tool (Platform Specific)     
2023-03-13 13:32:22,529 INFO     ___FILE_ONLY___  
2023-03-13 13:32:22,529 INFO     ___FILE_ONLY___ │ 
2023-03-13 13:32:22,529 INFO     ___FILE_ONLY___     2.0.77
2023-03-13 13:32:22,529 INFO     ___FILE_ONLY___  
2023-03-13 13:32:22,529 INFO     ___FILE_ONLY___ │ 
2023-03-13 13:32:22,530 INFO     ___FILE_ONLY___  < 1 MiB
2023-03-13 13:32:22,530 INFO     ___FILE_ONLY___  
2023-03-13 13:32:22,530 INFO     ___FILE_ONLY___ │
2023-03-13 13:32:22,530 INFO     ___FILE_ONLY___ 

2023-03-13 13:32:22,530 INFO     ___FILE_ONLY___ │ 
2023-03-13 13:32:22,530 INFO     ___FILE_ONLY___ Bundled Python 3.9                                 
2023-03-13 13:32:22,530 INFO     ___FILE_ONLY___  
2023-03-13 13:32:22,530 INFO     ___FILE_ONLY___ │ 
2023-03-13 13:32:22,530 INFO     ___FILE_ONLY___     3.9.16
2023-03-13 13:32:22,531 INFO     ___FILE_ONLY___  
2023-03-13 13:32:22,531 INFO     ___FILE_ONLY___ │ 
2023-03-13 13:32:22,531 INFO     ___FILE_ONLY___ 63.4 MiB
2023-03-13 13:32:22,531 INFO     ___FILE_ONLY___  
2023-03-13 13:32:22,531 INFO     ___FILE_ONLY___ │
2023-03-13 13:32:22,531 INFO     ___FILE_ONLY___ 

2023-03-13 13:32:22,531 INFO     ___FILE_ONLY___ │ 
2023-03-13 13:32:22,531 INFO     ___FILE_ONLY___ Cloud Storage Command Line Tool                    
2023-03-13 13:32:22,531 INFO     ___FILE_ONLY___  
2023-03-13 13:32:22,532 INFO     ___FILE_ONLY___ │ 
2023-03-13 13:32:22,532 INFO     ___FILE_ONLY___       5.21
2023-03-13 13:32:22,532 INFO     ___FILE_ONLY___  
2023-03-13 13:32:22,532 INFO     ___FILE_ONLY___ │ 
2023-03-13 13:32:22,532 INFO     ___FILE_ONLY___ 15.5 MiB
2023-03-13 13:32:22,532 INFO     ___FILE_ONLY___  
2023-03-13 13:32:22,532 INFO     ___FILE_ONLY___ │
2023-03-13 13:32:22,532 INFO     ___FILE_ONLY___ 

2023-03-13 13:32:22,532 INFO     ___FILE_ONLY___ │ 
2023-03-13 13:32:22,532 INFO     ___FILE_ONLY___ Cloud Storage Command Line Tool (Platform Specific)
2023-03-13 13:32:22,533 INFO     ___FILE_ONLY___  
2023-03-13 13:32:22,533 INFO     ___FILE_ONLY___ │ 
2023-03-13 13:32:22,533 INFO     ___FILE_ONLY___       5.13
2023-03-13 13:32:22,533 INFO     ___FILE_ONLY___  
2023-03-13 13:32:22,533 INFO     ___FILE_ONLY___ │ 
2023-03-13 13:32:22,533 INFO     ___FILE_ONLY___  < 1 MiB
2023-03-13 13:32:22,533 INFO     ___FILE_ONLY___  
2023-03-13 13:32:22,533 INFO     ___FILE_ONLY___ │
2023-03-13 13:32:22,533 INFO     ___FILE_ONLY___ 

2023-03-13 13:32:22,533 INFO     ___FILE_ONLY___ │ 
2023-03-13 13:32:22,534 INFO     ___FILE_ONLY___ Google Cloud CLI Core Libraries (Platform Specific)
2023-03-13 13:32:22,534 INFO     ___FILE_ONLY___  
2023-03-13 13:32:22,534 INFO     ___FILE_ONLY___ │ 
2023-03-13 13:32:22,534 INFO     ___FILE_ONLY___ 2022.09.20
2023-03-13 13:32:22,534 INFO     ___FILE_ONLY___  
2023-03-13 13:32:22,534 INFO     ___FILE_ONLY___ │ 
2023-03-13 13:32:22,534 INFO     ___FILE_ONLY___  < 1 MiB
2023-03-13 13:32:22,534 INFO     ___FILE_ONLY___  
2023-03-13 13:32:22,534 INFO     ___FILE_ONLY___ │
2023-03-13 13:32:22,534 INFO     ___FILE_ONLY___ 

2023-03-13 13:32:22,535 INFO     ___FILE_ONLY___ │ 
2023-03-13 13:32:22,535 INFO     ___FILE_ONLY___ Google Cloud CRC32C Hash Tool                      
2023-03-13 13:32:22,535 INFO     ___FILE_ONLY___  
2023-03-13 13:32:22,535 INFO     ___FILE_ONLY___ │ 
2023-03-13 13:32:22,535 INFO     ___FILE_ONLY___      1.0.0
2023-03-13 13:32:22,535 INFO     ___FILE_ONLY___  
2023-03-13 13:32:22,535 INFO     ___FILE_ONLY___ │ 
2023-03-13 13:32:22,535 INFO     ___FILE_ONLY___  1.2 MiB
2023-03-13 13:32:22,535 INFO     ___FILE_ONLY___  
2023-03-13 13:32:22,535 INFO     ___FILE_ONLY___ │
2023-03-13 13:32:22,536 INFO     ___FILE_ONLY___ 

2023-03-13 13:32:22,536 INFO     ___FILE_ONLY___ │ 
2023-03-13 13:32:22,536 INFO     ___FILE_ONLY___ anthoscli                                          
2023-03-13 13:32:22,536 INFO     ___FILE_ONLY___  
2023-03-13 13:32:22,536 INFO     ___FILE_ONLY___ │ 
2023-03-13 13:32:22,536 INFO     ___FILE_ONLY___     0.2.35
2023-03-13 13:32:22,536 INFO     ___FILE_ONLY___  
2023-03-13 13:32:22,536 INFO     ___FILE_ONLY___ │ 
2023-03-13 13:32:22,536 INFO     ___FILE_ONLY___ 68.6 MiB
2023-03-13 13:32:22,537 INFO     ___FILE_ONLY___  
2023-03-13 13:32:22,537 INFO     ___FILE_ONLY___ │
2023-03-13 13:32:22,537 INFO     ___FILE_ONLY___ 

2023-03-13 13:32:22,537 INFO     ___FILE_ONLY___ │ 
2023-03-13 13:32:22,537 INFO     ___FILE_ONLY___ gcloud cli dependencies                            
2023-03-13 13:32:22,537 INFO     ___FILE_ONLY___  
2023-03-13 13:32:22,537 INFO     ___FILE_ONLY___ │ 
2023-03-13 13:32:22,537 INFO     ___FILE_ONLY___ 2021.04.16
2023-03-13 13:32:22,537 INFO     ___FILE_ONLY___  
2023-03-13 13:32:22,537 INFO     ___FILE_ONLY___ │ 
2023-03-13 13:32:22,538 INFO     ___FILE_ONLY___  < 1 MiB
2023-03-13 13:32:22,538 INFO     ___FILE_ONLY___  
2023-03-13 13:32:22,538 INFO     ___FILE_ONLY___ │
2023-03-13 13:32:22,538 INFO     ___FILE_ONLY___ 

2023-03-13 13:32:22,538 INFO     ___FILE_ONLY___ └─────────────────────────────────────────────────────┴────────────┴──────────┘
2023-03-13 13:32:22,538 INFO     ___FILE_ONLY___ 

2023-03-13 13:32:22,538 INFO     ___FILE_ONLY___ 

2023-03-13 13:32:22,541 DEBUG    urllib3.connectionpool Starting new HTTPS connection (1): dl.google.com:443
2023-03-13 13:32:22,557 DEBUG    urllib3.connectionpool https://dl.google.com:443 "GET /dl/cloudsdk/channels/rapid/RELEASE_NOTES HTTP/1.1" 200 956633
2023-03-13 13:32:22,586 INFO     ___FILE_ONLY___ For the latest full release notes, please visit:
  https://cloud.google.com/sdk/release_notes


2023-03-13 13:32:22,592 INFO     ___FILE_ONLY___ ╔════════════════════════════════════════════════════════════╗

2023-03-13 13:32:22,593 INFO     ___FILE_ONLY___ ╠═ Creating update staging area                             ═╣

2023-03-13 13:32:22,593 INFO     ___FILE_ONLY___ ╚
2023-03-13 13:32:22,593 INFO     ___FILE_ONLY___ ══════
2023-03-13 13:32:22,593 INFO     ___FILE_ONLY___ ══════
2023-03-13 13:32:22,593 INFO     ___FILE_ONLY___ ══════
2023-03-13 13:32:22,737 INFO     ___FILE_ONLY___ ═
2023-03-13 13:32:22,791 INFO     ___FILE_ONLY___ ═
2023-03-13 13:32:22,841 INFO     ___FILE_ONLY___ ═
2023-03-13 13:32:22,888 INFO     ___FILE_ONLY___ ═
2023-03-13 13:32:22,948 INFO     ___FILE_ONLY___ ═
2023-03-13 13:32:23,014 INFO     ___FILE_ONLY___ ═
2023-03-13 13:32:23,066 INFO     ___FILE_ONLY___ ═
2023-03-13 13:32:23,117 INFO     ___FILE_ONLY___ ═
2023-03-13 13:32:23,168 INFO     ___FILE_ONLY___ ═
2023-03-13 13:32:23,224 INFO     ___FILE_ONLY___ ═
2023-03-13 13:32:23,278 INFO     ___FILE_ONLY___ ═
2023-03-13 13:32:23,335 INFO     ___FILE_ONLY___ ═
2023-03-13 13:32:23,388 INFO     ___FILE_ONLY___ ═
2023-03-13 13:32:23,433 INFO     ___FILE_ONLY___ ═
2023-03-13 13:32:23,488 INFO     ___FILE_ONLY___ ═
2023-03-13 13:32:23,558 INFO     ___FILE_ONLY___ ═
2023-03-13 13:32:23,616 INFO     ___FILE_ONLY___ ═
2023-03-13 13:32:23,689 INFO     ___FILE_ONLY___ ═
2023-03-13 13:32:23,716 INFO     ___FILE_ONLY___ ═
2023-03-13 13:32:23,743 INFO     ___FILE_ONLY___ ═
2023-03-13 13:32:23,777 INFO     ___FILE_ONLY___ ═
2023-03-13 13:32:23,813 INFO     ___FILE_ONLY___ ═
2023-03-13 13:32:23,843 INFO     ___FILE_ONLY___ ═
2023-03-13 13:32:23,875 INFO     ___FILE_ONLY___ ═
2023-03-13 13:32:24,008 INFO     ___FILE_ONLY___ ═
2023-03-13 13:32:24,052 INFO     ___FILE_ONLY___ ═
2023-03-13 13:32:24,212 INFO     ___FILE_ONLY___ ═
2023-03-13 13:32:24,295 INFO     ___FILE_ONLY___ ═
2023-03-13 13:32:24,332 INFO     ___FILE_ONLY___ ═
2023-03-13 13:32:24,376 INFO     ___FILE_ONLY___ ═
2023-03-13 13:32:24,425 INFO     ___FILE_ONLY___ ═
2023-03-13 13:32:24,474 INFO     ___FILE_ONLY___ ═
2023-03-13 13:32:24,522 INFO     ___FILE_ONLY___ ═
2023-03-13 13:32:24,578 INFO     ___FILE_ONLY___ ═
2023-03-13 13:32:24,650 INFO     ___FILE_ONLY___ ═
2023-03-13 13:32:24,708 INFO     ___FILE_ONLY___ ═
2023-03-13 13:32:24,757 INFO     ___FILE_ONLY___ ═
2023-03-13 13:32:24,828 INFO     ___FILE_ONLY___ ═
2023-03-13 13:32:24,884 INFO     ___FILE_ONLY___ ═
2023-03-13 13:32:24,949 INFO     ___FILE_ONLY___ ═
2023-03-13 13:32:25,072 INFO     ___FILE_ONLY___ ═
2023-03-13 13:32:25,117 INFO     ___FILE_ONLY___ ═
2023-03-13 13:32:25,118 INFO     ___FILE_ONLY___ ╝

2023-03-13 13:32:25,294 INFO     ___FILE_ONLY___ ╔════════════════════════════════════════════════════════════╗

2023-03-13 13:32:25,294 INFO     ___FILE_ONLY___ ╠═ Installing: BigQuery Command Line Tool                   ═╣

2023-03-13 13:32:25,294 INFO     ___FILE_ONLY___ ╚
2023-03-13 13:32:25,298 DEBUG    urllib3.connectionpool Starting new HTTPS connection (1): dl.google.com:443
2023-03-13 13:32:25,316 DEBUG    urllib3.connectionpool https://dl.google.com:443 "GET /dl/cloudsdk/channels/rapid/components/google-cloud-sdk-bq-20230303155151.tar.gz HTTP/1.1" 200 1700317
2023-03-13 13:32:25,328 INFO     ___FILE_ONLY___ ═
2023-03-13 13:32:25,328 INFO     ___FILE_ONLY___ ═
2023-03-13 13:32:25,329 INFO     ___FILE_ONLY___ ═
2023-03-13 13:32:25,329 INFO     ___FILE_ONLY___ ═
2023-03-13 13:32:25,329 INFO     ___FILE_ONLY___ ═
2023-03-13 13:32:25,329 INFO     ___FILE_ONLY___ ═
2023-03-13 13:32:25,329 INFO     ___FILE_ONLY___ ═
2023-03-13 13:32:25,329 INFO     ___FILE_ONLY___ ═
2023-03-13 13:32:25,329 INFO     ___FILE_ONLY___ ═
2023-03-13 13:32:25,330 INFO     ___FILE_ONLY___ ═
2023-03-13 13:32:25,330 INFO     ___FILE_ONLY___ ═
2023-03-13 13:32:25,330 INFO     ___FILE_ONLY___ ═
2023-03-13 13:32:25,330 INFO     ___FILE_ONLY___ ═
2023-03-13 13:32:25,330 INFO     ___FILE_ONLY___ ═
2023-03-13 13:32:25,330 INFO     ___FILE_ONLY___ ═
2023-03-13 13:32:25,330 INFO     ___FILE_ONLY___ ═
2023-03-13 13:32:25,331 INFO     ___FILE_ONLY___ ═
2023-03-13 13:32:25,331 INFO     ___FILE_ONLY___ ═
2023-03-13 13:32:25,331 INFO     ___FILE_ONLY___ ═
2023-03-13 13:32:25,331 INFO     ___FILE_ONLY___ ═
2023-03-13 13:32:25,331 INFO     ___FILE_ONLY___ ═
2023-03-13 13:32:25,331 INFO     ___FILE_ONLY___ ═
2023-03-13 13:32:25,331 INFO     ___FILE_ONLY___ ═
2023-03-13 13:32:25,332 INFO     ___FILE_ONLY___ ═
2023-03-13 13:32:25,332 INFO     ___FILE_ONLY___ ═
2023-03-13 13:32:25,332 INFO     ___FILE_ONLY___ ═
2023-03-13 13:32:25,332 INFO     ___FILE_ONLY___ ═
2023-03-13 13:32:25,332 INFO     ___FILE_ONLY___ ═
2023-03-13 13:32:25,332 INFO     ___FILE_ONLY___ ═
2023-03-13 13:32:25,332 INFO     ___FILE_ONLY___ ═
2023-03-13 13:32:25,451 INFO     ___FILE_ONLY___ ═
2023-03-13 13:32:25,455 INFO     ___FILE_ONLY___ ═
2023-03-13 13:32:25,459 INFO     ___FILE_ONLY___ ═
2023-03-13 13:32:25,466 INFO     ___FILE_ONLY___ ═
2023-03-13 13:32:25,469 INFO     ___FILE_ONLY___ ═
2023-03-13 13:32:25,473 INFO     ___FILE_ONLY___ ═
2023-03-13 13:32:25,476 INFO     ___FILE_ONLY___ ═
2023-03-13 13:32:25,480 INFO     ___FILE_ONLY___ ═
2023-03-13 13:32:25,484 INFO     ___FILE_ONLY___ ═
2023-03-13 13:32:25,488 INFO     ___FILE_ONLY___ ═
2023-03-13 13:32:25,492 INFO     ___FILE_ONLY___ ═
2023-03-13 13:32:25,495 INFO     ___FILE_ONLY___ ═
2023-03-13 13:32:25,501 INFO     ___FILE_ONLY___ ═
2023-03-13 13:32:25,506 INFO     ___FILE_ONLY___ ═
2023-03-13 13:32:25,510 INFO     ___FILE_ONLY___ ═
2023-03-13 13:32:25,514 INFO     ___FILE_ONLY___ ═
2023-03-13 13:32:25,518 INFO     ___FILE_ONLY___ ═
2023-03-13 13:32:25,521 INFO     ___FILE_ONLY___ ═
2023-03-13 13:32:25,525 INFO     ___FILE_ONLY___ ═
2023-03-13 13:32:25,529 INFO     ___FILE_ONLY___ ═
2023-03-13 13:32:25,534 INFO     ___FILE_ONLY___ ═
2023-03-13 13:32:25,537 INFO     ___FILE_ONLY___ ═
2023-03-13 13:32:25,541 INFO     ___FILE_ONLY___ ═
2023-03-13 13:32:25,544 INFO     ___FILE_ONLY___ ═
2023-03-13 13:32:25,548 INFO     ___FILE_ONLY___ ═
2023-03-13 13:32:25,552 INFO     ___FILE_ONLY___ ═
2023-03-13 13:32:25,556 INFO     ___FILE_ONLY___ ═
2023-03-13 13:32:25,560 INFO     ___FILE_ONLY___ ═
2023-03-13 13:32:25,564 INFO     ___FILE_ONLY___ ═
2023-03-13 13:32:25,567 INFO     ___FILE_ONLY___ ═
2023-03-13 13:32:25,567 INFO     ___FILE_ONLY___ ╝

2023-03-13 13:32:25,584 INFO     ___FILE_ONLY___ ╔════════════════════════════════════════════════════════════╗

2023-03-13 13:32:25,584 INFO     ___FILE_ONLY___ ╠═ Installing: BigQuery Command Line Tool (Platform Spec... ═╣

2023-03-13 13:32:25,584 INFO     ___FILE_ONLY___ ╚
2023-03-13 13:32:25,588 DEBUG    urllib3.connectionpool Starting new HTTPS connection (1): dl.google.com:443
2023-03-13 13:32:25,628 DEBUG    urllib3.connectionpool https://dl.google.com:443 "GET /dl/cloudsdk/channels/rapid/components/google-cloud-sdk-bq-nix-20220920185015.tar.gz HTTP/1.1" 200 1837
2023-03-13 13:32:25,629 INFO     ___FILE_ONLY___ ══════════════════════════════
2023-03-13 13:32:25,630 INFO     ___FILE_ONLY___ ══════════════════════════════
2023-03-13 13:32:25,631 INFO     ___FILE_ONLY___ ╝

2023-03-13 13:32:25,646 INFO     ___FILE_ONLY___ ╔════════════════════════════════════════════════════════════╗

2023-03-13 13:32:25,646 INFO     ___FILE_ONLY___ ╠═ Installing: Bundled Python 3.9                           ═╣

2023-03-13 13:32:25,646 INFO     ___FILE_ONLY___ ╚
2023-03-13 13:32:25,650 DEBUG    urllib3.connectionpool Starting new HTTPS connection (1): dl.google.com:443
2023-03-13 13:32:25,672 DEBUG    urllib3.connectionpool https://dl.google.com:443 "GET /dl/cloudsdk/channels/rapid/components/google-cloud-sdk-bundled-python3-unix-linux-x86_64-20230303155151.tar.gz HTTP/1.1" 200 66467643
2023-03-13 13:32:25,928 INFO     ___FILE_ONLY___ ═
2023-03-13 13:32:25,931 INFO     ___FILE_ONLY___ ═
2023-03-13 13:32:25,933 INFO     ___FILE_ONLY___ ═
2023-03-13 13:32:25,936 INFO     ___FILE_ONLY___ ═
2023-03-13 13:32:25,938 INFO     ___FILE_ONLY___ ═
2023-03-13 13:32:25,940 INFO     ___FILE_ONLY___ ═
2023-03-13 13:32:25,943 INFO     ___FILE_ONLY___ ═
2023-03-13 13:32:25,945 INFO     ___FILE_ONLY___ ═
2023-03-13 13:32:25,948 INFO     ___FILE_ONLY___ ═
2023-03-13 13:32:25,950 INFO     ___FILE_ONLY___ ═
2023-03-13 13:32:25,953 INFO     ___FILE_ONLY___ ═
2023-03-13 13:32:25,955 INFO     ___FILE_ONLY___ ═
2023-03-13 13:32:25,958 INFO     ___FILE_ONLY___ ═
2023-03-13 13:32:25,960 INFO     ___FILE_ONLY___ ═
2023-03-13 13:32:25,962 INFO     ___FILE_ONLY___ ═
2023-03-13 13:32:25,965 INFO     ___FILE_ONLY___ ═
2023-03-13 13:32:25,967 INFO     ___FILE_ONLY___ ═
2023-03-13 13:32:25,970 INFO     ___FILE_ONLY___ ═
2023-03-13 13:32:25,972 INFO     ___FILE_ONLY___ ═
2023-03-13 13:32:25,974 INFO     ___FILE_ONLY___ ═
2023-03-13 13:32:25,977 INFO     ___FILE_ONLY___ ═
2023-03-13 13:32:25,979 INFO     ___FILE_ONLY___ ═
2023-03-13 13:32:25,982 INFO     ___FILE_ONLY___ ═
2023-03-13 13:32:25,984 INFO     ___FILE_ONLY___ ═
2023-03-13 13:32:25,986 INFO     ___FILE_ONLY___ ═
2023-03-13 13:32:25,989 INFO     ___FILE_ONLY___ ═
2023-03-13 13:32:25,991 INFO     ___FILE_ONLY___ ═
2023-03-13 13:32:25,994 INFO     ___FILE_ONLY___ ═
2023-03-13 13:32:25,996 INFO     ___FILE_ONLY___ ═
2023-03-13 13:32:25,998 INFO     ___FILE_ONLY___ ═
2023-03-13 13:32:27,914 INFO     ___FILE_ONLY___ ═
2023-03-13 13:32:27,926 INFO     ___FILE_ONLY___ ═
2023-03-13 13:32:27,941 INFO     ___FILE_ONLY___ ═
2023-03-13 13:32:27,954 INFO     ___FILE_ONLY___ ═
2023-03-13 13:32:27,967 INFO     ___FILE_ONLY___ ═
2023-03-13 13:32:27,984 INFO     ___FILE_ONLY___ ═
2023-03-13 13:32:28,001 INFO     ___FILE_ONLY___ ═
2023-03-13 13:32:28,023 INFO     ___FILE_ONLY___ ═
2023-03-13 13:32:28,038 INFO     ___FILE_ONLY___ ═
2023-03-13 13:32:28,054 INFO     ___FILE_ONLY___ ═
2023-03-13 13:32:28,072 INFO     ___FILE_ONLY___ ═
2023-03-13 13:32:28,090 INFO     ___FILE_ONLY___ ═
2023-03-13 13:32:28,208 INFO     ___FILE_ONLY___ ═
2023-03-13 13:32:28,221 INFO     ___FILE_ONLY___ ═
2023-03-13 13:32:28,266 INFO     ___FILE_ONLY___ ═
2023-03-13 13:32:28,333 INFO     ___FILE_ONLY___ ═
2023-03-13 13:32:28,355 INFO     ___FILE_ONLY___ ═
2023-03-13 13:32:28,376 INFO     ___FILE_ONLY___ ═
2023-03-13 13:32:28,394 INFO     ___FILE_ONLY___ ═
2023-03-13 13:32:28,430 INFO     ___FILE_ONLY___ ═
2023-03-13 13:32:28,444 INFO     ___FILE_ONLY___ ═
2023-03-13 13:32:28,457 INFO     ___FILE_ONLY___ ═
2023-03-13 13:32:28,472 INFO     ___FILE_ONLY___ ═
2023-03-13 13:32:28,490 INFO     ___FILE_ONLY___ ═
2023-03-13 13:32:28,509 INFO     ___FILE_ONLY___ ═
2023-03-13 13:32:28,527 INFO     ___FILE_ONLY___ ═
2023-03-13 13:32:29,153 INFO     ___FILE_ONLY___ ═
2023-03-13 13:32:29,439 INFO     ___FILE_ONLY___ ═
2023-03-13 13:32:29,450 INFO     ___FILE_ONLY___ ═
2023-03-13 13:32:29,462 INFO     ___FILE_ONLY___ ═
2023-03-13 13:32:29,462 INFO     ___FILE_ONLY___ ╝

2023-03-13 13:32:29,510 INFO     ___FILE_ONLY___ ╔════════════════════════════════════════════════════════════╗

2023-03-13 13:32:29,511 INFO     ___FILE_ONLY___ ╠═ Installing: Bundled Python 3.9                           ═╣

2023-03-13 13:32:29,511 INFO     ___FILE_ONLY___ ╚
2023-03-13 13:32:29,516 INFO     ___FILE_ONLY___ ════════════════════════════════════════════════════════════
2023-03-13 13:32:29,516 INFO     ___FILE_ONLY___ ╝

2023-03-13 13:32:29,521 INFO     ___FILE_ONLY___ ╔════════════════════════════════════════════════════════════╗

2023-03-13 13:32:29,521 INFO     ___FILE_ONLY___ ╠═ Installing: Cloud Storage Command Line Tool              ═╣

2023-03-13 13:32:29,521 INFO     ___FILE_ONLY___ ╚
2023-03-13 13:32:29,525 DEBUG    urllib3.connectionpool Starting new HTTPS connection (1): dl.google.com:443
2023-03-13 13:32:29,547 DEBUG    urllib3.connectionpool https://dl.google.com:443 "GET /dl/cloudsdk/channels/rapid/components/google-cloud-sdk-gsutil-20230303155151.tar.gz HTTP/1.1" 200 16305091
2023-03-13 13:32:29,622 INFO     ___FILE_ONLY___ ═
2023-03-13 13:32:29,623 INFO     ___FILE_ONLY___ ═
2023-03-13 13:32:29,624 INFO     ___FILE_ONLY___ ═
2023-03-13 13:32:29,625 INFO     ___FILE_ONLY___ ═
2023-03-13 13:32:29,625 INFO     ___FILE_ONLY___ ═
2023-03-13 13:32:29,626 INFO     ___FILE_ONLY___ ═
2023-03-13 13:32:29,627 INFO     ___FILE_ONLY___ ═
2023-03-13 13:32:29,628 INFO     ___FILE_ONLY___ ═
2023-03-13 13:32:29,628 INFO     ___FILE_ONLY___ ═
2023-03-13 13:32:29,629 INFO     ___FILE_ONLY___ ═
2023-03-13 13:32:29,630 INFO     ___FILE_ONLY___ ═
2023-03-13 13:32:29,630 INFO     ___FILE_ONLY___ ═
2023-03-13 13:32:29,631 INFO     ___FILE_ONLY___ ═
2023-03-13 13:32:29,632 INFO     ___FILE_ONLY___ ═
2023-03-13 13:32:29,632 INFO     ___FILE_ONLY___ ═
2023-03-13 13:32:29,633 INFO     ___FILE_ONLY___ ═
2023-03-13 13:32:29,634 INFO     ___FILE_ONLY___ ═
2023-03-13 13:32:29,634 INFO     ___FILE_ONLY___ ═
2023-03-13 13:32:29,635 INFO     ___FILE_ONLY___ ═
2023-03-13 13:32:29,636 INFO     ___FILE_ONLY___ ═
2023-03-13 13:32:29,636 INFO     ___FILE_ONLY___ ═
2023-03-13 13:32:29,637 INFO     ___FILE_ONLY___ ═
2023-03-13 13:32:29,638 INFO     ___FILE_ONLY___ ═
2023-03-13 13:32:29,638 INFO     ___FILE_ONLY___ ═
2023-03-13 13:32:29,639 INFO     ___FILE_ONLY___ ═
2023-03-13 13:32:29,640 INFO     ___FILE_ONLY___ ═
2023-03-13 13:32:29,640 INFO     ___FILE_ONLY___ ═
2023-03-13 13:32:29,641 INFO     ___FILE_ONLY___ ═
2023-03-13 13:32:29,642 INFO     ___FILE_ONLY___ ═
2023-03-13 13:32:29,642 INFO     ___FILE_ONLY___ ═
2023-03-13 13:32:30,871 INFO     ___FILE_ONLY___ ═
2023-03-13 13:32:30,915 INFO     ___FILE_ONLY___ ═
2023-03-13 13:32:30,958 INFO     ___FILE_ONLY___ ═
2023-03-13 13:32:30,999 INFO     ___FILE_ONLY___ ═
2023-03-13 13:32:31,065 INFO     ___FILE_ONLY___ ═
2023-03-13 13:32:31,123 INFO     ___FILE_ONLY___ ═
2023-03-13 13:32:31,193 INFO     ___FILE_ONLY___ ═
2023-03-13 13:32:31,245 INFO     ___FILE_ONLY___ ═
2023-03-13 13:32:31,283 INFO     ___FILE_ONLY___ ═
2023-03-13 13:32:31,331 INFO     ___FILE_ONLY___ ═
2023-03-13 13:32:31,372 INFO     ___FILE_ONLY___ ═
2023-03-13 13:32:31,428 INFO     ___FILE_ONLY___ ═
2023-03-13 13:32:31,474 INFO     ___FILE_ONLY___ ═
2023-03-13 13:32:31,525 INFO     ___FILE_ONLY___ ═
2023-03-13 13:32:31,573 INFO     ___FILE_ONLY___ ═
2023-03-13 13:32:31,611 INFO     ___FILE_ONLY___ ═
2023-03-13 13:32:31,656 INFO     ___FILE_ONLY___ ═
2023-03-13 13:32:31,707 INFO     ___FILE_ONLY___ ═
2023-03-13 13:32:31,743 INFO     ___FILE_ONLY___ ═
2023-03-13 13:32:31,783 INFO     ___FILE_ONLY___ ═
2023-03-13 13:32:31,827 INFO     ___FILE_ONLY___ ═
2023-03-13 13:32:31,870 INFO     ___FILE_ONLY___ ═
2023-03-13 13:32:31,920 INFO     ___FILE_ONLY___ ═
2023-03-13 13:32:31,961 INFO     ___FILE_ONLY___ ═
2023-03-13 13:32:32,012 INFO     ___FILE_ONLY___ ═
2023-03-13 13:32:32,063 INFO     ___FILE_ONLY___ ═
2023-03-13 13:32:32,101 INFO     ___FILE_ONLY___ ═
2023-03-13 13:32:32,138 INFO     ___FILE_ONLY___ ═
2023-03-13 13:32:32,178 INFO     ___FILE_ONLY___ ═
2023-03-13 13:32:32,234 INFO     ___FILE_ONLY___ ═
2023-03-13 13:32:32,234 INFO     ___FILE_ONLY___ ╝

2023-03-13 13:32:32,323 INFO     ___FILE_ONLY___ ╔════════════════════════════════════════════════════════════╗

2023-03-13 13:32:32,323 INFO     ___FILE_ONLY___ ╠═ Installing: Cloud Storage Command Line Tool (Platform... ═╣

2023-03-13 13:32:32,323 INFO     ___FILE_ONLY___ ╚
2023-03-13 13:32:32,327 DEBUG    urllib3.connectionpool Starting new HTTPS connection (1): dl.google.com:443
2023-03-13 13:32:32,348 DEBUG    urllib3.connectionpool https://dl.google.com:443 "GET /dl/cloudsdk/channels/rapid/components/google-cloud-sdk-gsutil-nix-20220920185015.tar.gz HTTP/1.1" 200 1851
2023-03-13 13:32:32,349 INFO     ___FILE_ONLY___ ══════════════════════════════
2023-03-13 13:32:32,350 INFO     ___FILE_ONLY___ ══════════════════════════════
2023-03-13 13:32:32,350 INFO     ___FILE_ONLY___ ╝

2023-03-13 13:32:32,362 INFO     ___FILE_ONLY___ ╔════════════════════════════════════════════════════════════╗

2023-03-13 13:32:32,362 INFO     ___FILE_ONLY___ ╠═ Installing: Default set of gcloud commands               ═╣

2023-03-13 13:32:32,362 INFO     ___FILE_ONLY___ ╚
2023-03-13 13:32:32,367 INFO     ___FILE_ONLY___ ════════════════════════════════════════════════════════════
2023-03-13 13:32:32,367 INFO     ___FILE_ONLY___ ╝

2023-03-13 13:32:32,372 INFO     ___FILE_ONLY___ ╔════════════════════════════════════════════════════════════╗

2023-03-13 13:32:32,373 INFO     ___FILE_ONLY___ ╠═ Installing: Google Cloud CLI Core Libraries (Platform... ═╣

2023-03-13 13:32:32,373 INFO     ___FILE_ONLY___ ╚
2023-03-13 13:32:32,377 DEBUG    urllib3.connectionpool Starting new HTTPS connection (1): dl.google.com:443
2023-03-13 13:32:32,393 DEBUG    urllib3.connectionpool https://dl.google.com:443 "GET /dl/cloudsdk/channels/rapid/components/google-cloud-sdk-core-nix-20220920185015.tar.gz HTTP/1.1" 200 2221
2023-03-13 13:32:32,394 INFO     ___FILE_ONLY___ ══════════════════════════════
2023-03-13 13:32:32,396 INFO     ___FILE_ONLY___ ═══════════════
2023-03-13 13:32:32,396 INFO     ___FILE_ONLY___ ═══════════════
2023-03-13 13:32:32,396 INFO     ___FILE_ONLY___ ╝

2023-03-13 13:32:32,408 INFO     ___FILE_ONLY___ ╔════════════════════════════════════════════════════════════╗

2023-03-13 13:32:32,408 INFO     ___FILE_ONLY___ ╠═ Installing: Google Cloud CRC32C Hash Tool                ═╣

2023-03-13 13:32:32,408 INFO     ___FILE_ONLY___ ╚
2023-03-13 13:32:32,413 INFO     ___FILE_ONLY___ ════════════════════════════════════════════════════════════
2023-03-13 13:32:32,414 INFO     ___FILE_ONLY___ ╝

2023-03-13 13:32:32,418 INFO     ___FILE_ONLY___ ╔════════════════════════════════════════════════════════════╗

2023-03-13 13:32:32,419 INFO     ___FILE_ONLY___ ╠═ Installing: Google Cloud CRC32C Hash Tool                ═╣

2023-03-13 13:32:32,419 INFO     ___FILE_ONLY___ ╚
2023-03-13 13:32:32,423 DEBUG    urllib3.connectionpool Starting new HTTPS connection (1): dl.google.com:443
2023-03-13 13:32:32,443 DEBUG    urllib3.connectionpool https://dl.google.com:443 "GET /dl/cloudsdk/channels/rapid/components/google-cloud-sdk-gcloud-crc32c-linux-x86_64-20221205224721.tar.gz HTTP/1.1" 200 1235322
2023-03-13 13:32:32,455 INFO     ___FILE_ONLY___ ═
2023-03-13 13:32:32,455 INFO     ___FILE_ONLY___ ═
2023-03-13 13:32:32,456 INFO     ___FILE_ONLY___ ═
2023-03-13 13:32:32,456 INFO     ___FILE_ONLY___ ═
2023-03-13 13:32:32,456 INFO     ___FILE_ONLY___ ═
2023-03-13 13:32:32,456 INFO     ___FILE_ONLY___ ═
2023-03-13 13:32:32,456 INFO     ___FILE_ONLY___ ═
2023-03-13 13:32:32,456 INFO     ___FILE_ONLY___ ═
2023-03-13 13:32:32,456 INFO     ___FILE_ONLY___ ═
2023-03-13 13:32:32,456 INFO     ___FILE_ONLY___ ═
2023-03-13 13:32:32,457 INFO     ___FILE_ONLY___ ═
2023-03-13 13:32:32,457 INFO     ___FILE_ONLY___ ═
2023-03-13 13:32:32,457 INFO     ___FILE_ONLY___ ═
2023-03-13 13:32:32,457 INFO     ___FILE_ONLY___ ═
2023-03-13 13:32:32,457 INFO     ___FILE_ONLY___ ═
2023-03-13 13:32:32,457 INFO     ___FILE_ONLY___ ═
2023-03-13 13:32:32,457 INFO     ___FILE_ONLY___ ═
2023-03-13 13:32:32,457 INFO     ___FILE_ONLY___ ═
2023-03-13 13:32:32,458 INFO     ___FILE_ONLY___ ═
2023-03-13 13:32:32,458 INFO     ___FILE_ONLY___ ═
2023-03-13 13:32:32,458 INFO     ___FILE_ONLY___ ═
2023-03-13 13:32:32,458 INFO     ___FILE_ONLY___ ═
2023-03-13 13:32:32,458 INFO     ___FILE_ONLY___ ═
2023-03-13 13:32:32,458 INFO     ___FILE_ONLY___ ═
2023-03-13 13:32:32,458 INFO     ___FILE_ONLY___ ═
2023-03-13 13:32:32,458 INFO     ___FILE_ONLY___ ═
2023-03-13 13:32:32,459 INFO     ___FILE_ONLY___ ═
2023-03-13 13:32:32,459 INFO     ___FILE_ONLY___ ═
2023-03-13 13:32:32,459 INFO     ___FILE_ONLY___ ═
2023-03-13 13:32:32,459 INFO     ___FILE_ONLY___ ═
2023-03-13 13:32:32,493 INFO     ___FILE_ONLY___ ═══════════════
2023-03-13 13:32:32,493 INFO     ___FILE_ONLY___ ═══════════════
2023-03-13 13:32:32,494 INFO     ___FILE_ONLY___ ╝

2023-03-13 13:32:32,506 INFO     ___FILE_ONLY___ ╔════════════════════════════════════════════════════════════╗

2023-03-13 13:32:32,506 INFO     ___FILE_ONLY___ ╠═ Installing: anthoscli                                    ═╣

2023-03-13 13:32:32,506 INFO     ___FILE_ONLY___ ╚
2023-03-13 13:32:32,510 DEBUG    urllib3.connectionpool Starting new HTTPS connection (1): dl.google.com:443
2023-03-13 13:32:32,599 DEBUG    urllib3.connectionpool https://dl.google.com:443 "GET /dl/cloudsdk/channels/rapid/components/google-cloud-sdk-anthoscli-linux-x86_64-20230213205029.tar.gz HTTP/1.1" 200 71957154
2023-03-13 13:32:32,883 INFO     ___FILE_ONLY___ ═
2023-03-13 13:32:32,886 INFO     ___FILE_ONLY___ ═
2023-03-13 13:32:32,888 INFO     ___FILE_ONLY___ ═
2023-03-13 13:32:32,891 INFO     ___FILE_ONLY___ ═
2023-03-13 13:32:32,894 INFO     ___FILE_ONLY___ ═
2023-03-13 13:32:32,896 INFO     ___FILE_ONLY___ ═
2023-03-13 13:32:32,899 INFO     ___FILE_ONLY___ ═
2023-03-13 13:32:32,902 INFO     ___FILE_ONLY___ ═
2023-03-13 13:32:32,904 INFO     ___FILE_ONLY___ ═
2023-03-13 13:32:32,907 INFO     ___FILE_ONLY___ ═
2023-03-13 13:32:32,909 INFO     ___FILE_ONLY___ ═
2023-03-13 13:32:32,912 INFO     ___FILE_ONLY___ ═
2023-03-13 13:32:32,915 INFO     ___FILE_ONLY___ ═
2023-03-13 13:32:32,917 INFO     ___FILE_ONLY___ ═
2023-03-13 13:32:32,920 INFO     ___FILE_ONLY___ ═
2023-03-13 13:32:32,923 INFO     ___FILE_ONLY___ ═
2023-03-13 13:32:32,925 INFO     ___FILE_ONLY___ ═
2023-03-13 13:32:32,928 INFO     ___FILE_ONLY___ ═
2023-03-13 13:32:32,930 INFO     ___FILE_ONLY___ ═
2023-03-13 13:32:32,933 INFO     ___FILE_ONLY___ ═
2023-03-13 13:32:32,936 INFO     ___FILE_ONLY___ ═
2023-03-13 13:32:32,938 INFO     ___FILE_ONLY___ ═
2023-03-13 13:32:32,941 INFO     ___FILE_ONLY___ ═
2023-03-13 13:32:32,943 INFO     ___FILE_ONLY___ ═
2023-03-13 13:32:32,946 INFO     ___FILE_ONLY___ ═
2023-03-13 13:32:32,949 INFO     ___FILE_ONLY___ ═
2023-03-13 13:32:32,951 INFO     ___FILE_ONLY___ ═
2023-03-13 13:32:32,954 INFO     ___FILE_ONLY___ ═
2023-03-13 13:32:32,956 INFO     ___FILE_ONLY___ ═
2023-03-13 13:32:32,959 INFO     ___FILE_ONLY___ ═
2023-03-13 13:32:35,181 INFO     ___FILE_ONLY___ ══════════
2023-03-13 13:32:35,186 INFO     ___FILE_ONLY___ ═════════
2023-03-13 13:32:35,213 INFO     ___FILE_ONLY___ ═══════════
2023-03-13 13:32:35,213 INFO     ___FILE_ONLY___ ╝

2023-03-13 13:32:35,237 INFO     ___FILE_ONLY___ ╔════════════════════════════════════════════════════════════╗

2023-03-13 13:32:35,237 INFO     ___FILE_ONLY___ ╠═ Installing: anthoscli                                    ═╣

2023-03-13 13:32:35,237 INFO     ___FILE_ONLY___ ╚
2023-03-13 13:32:35,242 INFO     ___FILE_ONLY___ ════════════════════════════════════════════════════════════
2023-03-13 13:32:35,243 INFO     ___FILE_ONLY___ ╝

2023-03-13 13:32:35,248 INFO     ___FILE_ONLY___ ╔════════════════════════════════════════════════════════════╗

2023-03-13 13:32:35,248 INFO     ___FILE_ONLY___ ╠═ Installing: gcloud cli dependencies                      ═╣

2023-03-13 13:32:35,248 INFO     ___FILE_ONLY___ ╚
2023-03-13 13:32:35,252 DEBUG    urllib3.connectionpool Starting new HTTPS connection (1): dl.google.com:443
2023-03-13 13:32:35,271 DEBUG    urllib3.connectionpool https://dl.google.com:443 "GET /dl/cloudsdk/channels/rapid/components/google-cloud-sdk-gcloud-deps-linux-x86_64-20210416153011.tar.gz HTTP/1.1" 200 104
2023-03-13 13:32:35,272 INFO     ___FILE_ONLY___ ══════════════════════════════
2023-03-13 13:32:35,272 INFO     ___FILE_ONLY___ ══════════════════════════════
2023-03-13 13:32:35,273 INFO     ___FILE_ONLY___ ╝

2023-03-13 13:32:35,284 INFO     ___FILE_ONLY___ ╔════════════════════════════════════════════════════════════╗

2023-03-13 13:32:35,284 INFO     ___FILE_ONLY___ ╠═ Creating backup and activating new installation          ═╣

2023-03-13 13:32:35,284 INFO     ___FILE_ONLY___ ╚
2023-03-13 13:32:35,284 DEBUG    root            Attempting to move directory [/tools/google-cloud-sdk] to [/tools/google-cloud-sdk.staging/.install/.backup]
2023-03-13 13:32:35,285 INFO     ___FILE_ONLY___ ══════════════════════════════
2023-03-13 13:32:35,285 DEBUG    root            Attempting to move directory [/tools/google-cloud-sdk.staging] to [/tools/google-cloud-sdk]
2023-03-13 13:32:35,285 INFO     ___FILE_ONLY___ ══════════════════════════════
2023-03-13 13:32:35,285 INFO     ___FILE_ONLY___ ╝

2023-03-13 13:32:35,289 DEBUG    root            Updating notification cache...
2023-03-13 13:32:35,290 INFO     ___FILE_ONLY___ 

2023-03-13 13:32:35,295 INFO     ___FILE_ONLY___ Performing post processing steps...
2023-03-13 13:32:35,296 DEBUG    root            Executing command: ['python3', '-S', '/tools/google-cloud-sdk/lib/gcloud.py', 'components', 'post-process']
2023-03-13 13:32:59,249 DEBUG    ___FILE_ONLY___ 
2023-03-13 13:32:59,250 DEBUG    ___FILE_ONLY___ 
2023-03-13 13:32:59,330 INFO     ___FILE_ONLY___ 
Update done!


2023-03-13 13:32:59,335 DEBUG    root            Chosen display Format:none
2023-03-13 13:32:59,335 INFO     root            Display format: "none"
